build/app/intermediates/manifest_merge_blame_file/release/manifest-merger-blame-release-report.txt
1<?xml version="1.0" encoding="utf-8"?>
2<manifest xmlns:android="http://schemas.android.com/apk/res/android"
3    package="com.maxrm.restaurants_waiters"
4    android:versionCode="1"
5    android:versionName="1.0.0" >
6
7    <uses-sdk
8        android:minSdkVersion="16"
8-->src/main/AndroidManifest.xml
9        android:targetSdkVersion="29" />
9-->src/main/AndroidManifest.xml
10    <!--
11         io.flutter.app.FlutterApplication is an android.app.Application that
12         calls FlutterMain.startInitialization(this); in its onCreate method.
13         In most cases you can leave this as-is, but you if you want to provide
14         additional functionality it is fine to subclass or reimplement
15         FlutterApplication and put your custom class here.
16    -->
17    <uses-permission android:name="android.permission.INTERNET" />
17-->src/main/AndroidManifest.xml:8:5-66
17-->src/main/AndroidManifest.xml:8:22-64
18    <uses-permission android:name="android.permission.REQUEST_INSTALL_PACKAGES" />
18-->[:open_file] AndroidManifest.xml:8:5-83
18-->[:open_file] AndroidManifest.xml:8:22-80
19    <uses-permission android:name="android.permission.READ_EXTERNAL_STORAGE" />
19-->[:open_file] AndroidManifest.xml:9:5-80
19-->[:open_file] AndroidManifest.xml:9:22-77
20
21    <application
21-->src/main/AndroidManifest.xml:9:5-50:19
22        android:name="io.flutter.app.FlutterApplication"
22-->src/main/AndroidManifest.xml:10:9-57
23        android:appComponentFactory="androidx.core.app.CoreComponentFactory"
23-->[androidx.core:core:1.1.0] AndroidManifest.xml:24:18-86
24        android:icon="@mipmap/ic_launcher"
24-->src/main/AndroidManifest.xml:12:9-43
25        android:label="restaurants_waiters" >
25-->src/main/AndroidManifest.xml:11:9-44
26        <activity
26-->src/main/AndroidManifest.xml:13:9-44:20
27            android:name="com.maxrm.restaurants_waiters.MainActivity"
27-->src/main/AndroidManifest.xml:14:13-41
28            android:configChanges="orientation|keyboardHidden|keyboard|screenSize|smallestScreenSize|locale|layoutDirection|fontScale|screenLayout|density|uiMode"
28-->src/main/AndroidManifest.xml:17:13-163
29            android:hardwareAccelerated="true"
29-->src/main/AndroidManifest.xml:18:13-47
30            android:launchMode="singleTop"
30-->src/main/AndroidManifest.xml:15:13-43
31            android:theme="@style/LaunchTheme"
31-->src/main/AndroidManifest.xml:16:13-47
32            android:windowSoftInputMode="adjustResize" >
32-->src/main/AndroidManifest.xml:19:13-55
33
34            <!--
35                 Specifies an Android theme to apply to this Activity as soon as
36                 the Android process has started. This theme is visible to the user
37                 while the Flutter UI initializes. After that, this theme continues
38                 to determine the Window background behind the Flutter UI.
39            -->
40            <meta-data
40-->src/main/AndroidManifest.xml:24:13-26:40
41                android:name="io.flutter.app.android.SplashScreenUntilFirstFrame"
41-->src/main/AndroidManifest.xml:25:17-82
42                android:value="true" />
42-->src/main/AndroidManifest.xml:26:17-37
43            <meta-data
43-->src/main/AndroidManifest.xml:27:13-30:17
44                android:name="io.flutter.embedding.android.NormalTheme"
44-->src/main/AndroidManifest.xml:28:15-70
45                android:resource="@style/NormalTheme" />
45-->src/main/AndroidManifest.xml:29:15-52
46            <!--
47                 Displays an Android View that continues showing the launch screen
48                 Drawable until Flutter paints its first frame, then this splash
49                 screen fades out. A splash screen is useful to avoid any visual
50                 gap between the end of Android's launch screen and the painting of
51                 Flutter's first frame.
52            -->
53            <meta-data
53-->src/main/AndroidManifest.xml:36:13-39:17
54                android:name="io.flutter.embedding.android.SplashScreenDrawable"
54-->src/main/AndroidManifest.xml:37:15-79
55                android:resource="@drawable/launch_background" />
55-->src/main/AndroidManifest.xml:38:15-61
56
57            <intent-filter>
57-->src/main/AndroidManifest.xml:40:13-43:29
58                <action android:name="android.intent.action.MAIN" />
58-->src/main/AndroidManifest.xml:41:17-68
58-->src/main/AndroidManifest.xml:41:25-66
59
60                <category android:name="android.intent.category.LAUNCHER" />
60-->src/main/AndroidManifest.xml:42:17-76
60-->src/main/AndroidManifest.xml:42:27-74
61            </intent-filter>
62        </activity>
63        <!--
64             Don't delete the meta-data below.
65             This is used by the Flutter tool to generate GeneratedPluginRegistrant.java
66        -->
67        <meta-data
67-->src/main/AndroidManifest.xml:47:9-49:33
68            android:name="flutterEmbedding"
68-->src/main/AndroidManifest.xml:48:13-44
69            android:value="2" />
69-->src/main/AndroidManifest.xml:49:13-30
70
71        <provider
71-->[:printing] AndroidManifest.xml:8:9-16:20
72            android:name="net.nfet.flutter.printing.PrintFileProvider"
72-->[:printing] AndroidManifest.xml:9:13-71
73            android:authorities="com.maxrm.restaurants_waiters.flutter.printing"
73-->[:printing] AndroidManifest.xml:10:13-68
74            android:exported="false"
74-->[:printing] AndroidManifest.xml:11:13-37
75            android:grantUriPermissions="true" >
75-->[:printing] AndroidManifest.xml:12:13-47
76            <meta-data
76-->[:printing] AndroidManifest.xml:13:13-15:71
77                android:name="android.support.FILE_PROVIDER_PATHS"
77-->[:printing] AndroidManifest.xml:14:17-67
78                android:resource="@xml/flutter_printing_file_paths" />
78-->[:printing] AndroidManifest.xml:15:17-68
79        </provider>
80        <provider
80-->[:open_file] AndroidManifest.xml:12:9-21:20
81            android:name="com.crazecoder.openfile.FileProvider"
81-->[:open_file] AndroidManifest.xml:13:13-64
82            android:authorities="com.maxrm.restaurants_waiters.fileProvider.com.crazecoder.openfile"
82-->[:open_file] AndroidManifest.xml:14:13-88
83            android:exported="false"
83-->[:open_file] AndroidManifest.xml:15:13-37
84            android:grantUriPermissions="true" >
84-->[:open_file] AndroidManifest.xml:16:13-47
85            <meta-data
85-->[:printing] AndroidManifest.xml:13:13-15:71
86                android:name="android.support.FILE_PROVIDER_PATHS"
86-->[:printing] AndroidManifest.xml:14:17-67
87                android:resource="@xml/filepaths" />
87-->[:printing] AndroidManifest.xml:15:17-68
88        </provider>
89    </application>
90
91</manifest>